Arguments: 
  /usr/local/Cellar/node/18.7.0/bin/node /usr/local/bin/yarn install

PATH: 
  /opt/homebrew/opt/mysql-client/bin:/usr/local/bin:/opt/homebrew/bin:/Users/claudinoac/.cargo/bin:/usr/bin:/bin:/usr/sbin:/sbin

Yarn version: 
  1.22.18

Node version: 
  18.7.0

Platform: 
  darwin x64

Trace: 
  SyntaxError: /Users/claudinoac/Converseon/vue-query-builder/package.json: Unexpected token , in JSON at position 1081
      at JSON.parse (<anonymous>)
      at /usr/local/lib/node_modules/yarn/lib/cli.js:1625:59
      at Generator.next (<anonymous>)
      at step (/usr/local/lib/node_modules/yarn/lib/cli.js:310:30)
      at /usr/local/lib/node_modules/yarn/lib/cli.js:321:13

npm manifest: 
  {
    "name": "vue-query-builder",
    "version": "0.8.2",
    "scripts": {
      "serve": "vue-cli-service serve --name VueQueryBuilder src/main.js",
      "build": "vue-cli-service build --target lib --name VueQueryBuilder src/VueQueryBuilder.vue && vue-cli-service build --no-clean --dest dist/group --target lib --name QueryBuilderGroup src/components/QueryBuilderGroup.vue && vue-cli-service build --no-clean --dest dist/rule --target lib --name QueryBuilderRule src/components/QueryBuilderRule.vue",
      "test:unit": "vue-cli-service test:unit",
      "test:e2e": "vue-cli-service test:e2e",
      "lint": "vue-cli-service lint",
      "docs:build": "vuepress build docs",
      "docs:dev": "vuepress dev docs"
    },
    "main": "./dist/VueQueryBuilder.common.js",
    "files": [
      "dist/",
      "src/",
      "LICENSE",
      "README.md"
    ],
    "dependencies": {
      "core-js": "^3.25.5",
      "eslint-plugin-promise": "^6.0.1",
      "vue": "^3.2.40"
    },
    "devDependencies": {
      "@vue/cli-plugin-babel": "^5.0.8",
      "@vue/cli-plugin-e2e-cypress": "^5.0.8",
      "@vue/cli-plugin-eslint": "^5.0.8",,
      "@vue/cli-service": "^5.0.8",
      "@vue/eslint-config-standard": "^8.0.1",
      "@vue/test-utils": "^2.1.0",
      "@vuepress/core": "2.0.0-beta.51",
      "@vuepress/theme-default": "2.0.0-beta.51",
      "@babel/eslint-parser": "^7.19.1",
      "babel-jest": "^29.1.2",
      "bootstrap": "^4.0.0",
      "eslint": "^8.24.0",
      "eslint-plugin-node": "^11.1.0",
      "eslint-plugin-vue": "^9.6.0",
      "less": "^4.1.3",
      "less-loader": "^11.0.0",
      "node-sass": "^7.0.3",
      "sass-loader": "^13.0.2",
      "vue-loader": "^17.0.0",
      "vuepress": "^2.0.0-beta.51"
    },
    "browserslist": [
      "> 1%",
      "last 2 versions",
      "not ie <= 8"
    ]
  }

yarn manifest: 
  No manifest

Lockfile: 
  No lockfile
